Script started on Fri Sep 26 22:54:44 2025
[1m[7m%[27m[1m[0m                                                                                       ]7;file://SoufiansMacBook.lan/Users/soufianeaboubakar/Documents/SWEN310/lab5-process-shell-soufianeaboubakar[0m[27m[24m[Jsoufianeaboubakar@SoufiansMacBook lab5-process-shell-soufianeaboubakar % [K[?2004hlls -l[?2004l
total 1360
-rw-r--r--  1 soufianeaboubakar  staff     540 Sep 26 09:12 Dockerfile
-rw-r--r--  1 soufianeaboubakar  staff   11357 Sep 26 09:12 LICENSE
-rw-r--r--@ 1 soufianeaboubakar  staff  586830 Sep 26 09:12 Lab05_2025F.pdf
-rw-r--r--  1 soufianeaboubakar  staff     345 Sep 26 09:12 Makefile
-rw-r--r--  1 soufianeaboubakar  staff     392 Sep 26 09:12 README.md
drwxr-xr-x@ 3 soufianeaboubakar  staff      96 Sep 26 09:12 answer
-rw-r--r--  1 soufianeaboubakar  staff     464 Sep 26 09:12 clean_all.sh
-rw-r--r--@ 1 soufianeaboubakar  staff     855 Sep 26 09:12 clean_start.sh
drwxr-xr-x@ 4 soufianeaboubakar  staff     128 Sep 26 09:12 demo
-rw-r--r--  1 soufianeaboubakar  staff     650 Sep 26 20:48 myfork.c
-rwxr-xr-x  1 soufianeaboubakar  staff     717 Sep 26 09:59 myps.sh
-rw-r--r--  1 soufianeaboubakar  staff    1426 Sep 26 20:49 psh1.c
-rwxr-xr-x  1 soufianeaboubakar  staff   49768 Sep 26 22:47 psh2
-rw-r--r--  1 soufianeaboubakar  staff    1022 Sep 26 22:46 psh2.c
drwxr-xr-x@ 5 soufianeaboubakar  staff     160 Sep 26 09:12 script_test
drwxr-xr-x@ 5 soufianeaboubakar  staff     160 Sep 26 09:12 tests
-rw-r--r--  1 soufianeaboubakar  staff      43 Sep 26 22:54 typescript
[1m[7m%[27m[1m[0m                                                                                       ]7;file://SoufiansMacBook.lan/Users/soufianeaboubakar/Documents/SWEN310/lab5-process-shell-soufianeaboubakar[0m[27m[24m[Jsoufianeaboubakar@SoufiansMacBook lab5-process-shell-soufianeaboubakar % [K[?2004hddf -H[?2004l
Filesystem                                            Size   Used  Avail Capacity iused      ifree %iused  Mounted on
/dev/disk1s1s1                                        500G    15G   262G     6%  502388 2557905720    0%   /
devfs                                                 198k   198k     0B   100%     668          0  100%   /dev
/dev/disk1s5                                          500G   3.2G   262G     2%       4 2557905720    0%   /System/Volumes/VM
/dev/disk1s3                                          500G   302M   262G     1%    1144 2557905720    0%   /System/Volumes/Preboot
/dev/disk1s6                                          500G    12M   262G     1%      17 2557905720    0%   /System/Volumes/Update
/dev/disk1s2                                          500G   218G   262G    46%  924452 2557905720    0%   /System/Volumes/Data
map auto_home                                           0B     0B     0B   100%       0          0  100%   /System/Volumes/Data/home
/Users/soufianeaboubakar/Downloads/Sublime Text.app   500G   218G   264G    46%  920753 2578552800    0%   /private/var/folders/l4/jh058wqd50x78pwg3m1ppwvm0000gn/T/AppTranslocation/21F2AD35-0C18-4C6D-894C-76DF9E2FD3EE
[1m[7m%[27m[1m[0m                                                                                       ]7;file://SoufiansMacBook.lan/Users/soufianeaboubakar/Documents/SWEN310/lab5-process-shell-soufianeaboubakar[0m[27m[24m[Jsoufianeaboubakar@SoufiansMacBook lab5-process-shell-soufianeaboubakar % [K[?2004hPPSH P  ppsh2_results > [K [Kp[Kppsh2.c[1m [0m[0m [?2004l
zsh: command not found: psh2_results
[1m[7m%[27m[1m[0m                                                                                       ]7;file://SoufiansMacBook.lan/Users/soufianeaboubakar/Documents/SWEN310/lab5-process-shell-soufianeaboubakar[0m[27m[24m[Jsoufianeaboubakar@SoufiansMacBook lab5-process-shell-soufianeaboubakar % [K[?2004hppsh2_results.s [K [K[A[86C[K[1B[K[A[86Cs [Khh < > psh2.c[?2004l
zsh: command not found: psh2_results.sh
[1m[7m%[27m[1m[0m                                                                                       ]7;file://SoufiansMacBook.lan/Users/soufianeaboubakar/Documents/SWEN310/lab5-process-shell-soufianeaboubakar[0m[27m[24m[Jsoufianeaboubakar@SoufiansMacBook lab5-process-shell-soufianeaboubakar % [K[?2004hsscript psh2_re [Kssults[?2004l
Script started, output file is psh2_results
[1m[7m%[27m[1m[0m                                                                                       ]7;file://SoufiansMacBook.lan/Users/soufianeaboubakar/Documents/SWEN310/lab5-process-shell-soufianeaboubakar[0m[27m[24m[Jsoufianeaboubakar@SoufiansMacBook lab5-process-shell-soufianeaboubakar % [K[?2004h[?2004l
[1m[7m%[27m[1m[0m                                                                                       ]7;file://SoufiansMacBook.lan/Users/soufianeaboubakar/Documents/SWEN310/lab5-process-shell-soufianeaboubakar[0m[27m[24m[Jsoufianeaboubakar@SoufiansMacBook lab5-process-shell-soufianeaboubakar % [K[?2004hggcc m psh2`
zsh: do you wish to see all 1461 possibilities (731 lines)? n[J[A[0m[27m[24m[73Cgcc psh2`[K 
[J[Jpsh2*         psh2.c        psh2_results[A[0m[27m[24m[73Cgcc psh2[K.c[1m [0m[0m [?2004l
[JUndefined symbols for architecture x86_64:
  "_main", referenced from:
     implicit entry/start for main executable
ld: symbol(s) not found for architecture x86_64
clang: [0;1;31merror: [0m[1mlinker command failed with exit code 1 (use -v to see invocation)[0m
[1m[7m%[27m[1m[0m                                                                                       ]7;file://SoufiansMacBook.lan/Users/soufianeaboubakar/Documents/SWEN310/lab5-process-shell-soufianeaboubakar[0m[27m[24m[Jsoufianeaboubakar@SoufiansMacBook lab5-process-shell-soufianeaboubakar % [K[?2004hgcc psh2.c -o  [Kppsh2[?2004l
Undefined symbols for architecture x86_64:
  "_main", referenced from:
     implicit entry/start for main executable
ld: symbol(s) not found for architecture x86_64
clang: [0;1;31merror: [0m[1mlinker command failed with exit code 1 (use -v to see invocation)[0m
[1m[7m%[27m[1m[0m                                                                                       ]7;file://SoufiansMacBook.lan/Users/soufianeaboubakar/Documents/SWEN310/lab5-process-shell-soufianeaboubakar[0m[27m[24m[Jsoufianeaboubakar@SoufiansMacBook lab5-process-shell-soufianeaboubakar % [K[?2004hvvi pc sh
[Jpsh1.c        psh2.c        psh2_results[A[0m[27m[24m[73Cvi psh[K2.c[1m [0m[0m [?2004l
[J[?1049h[>4;2m[?1h=[?2004h[?1004h[1;24r[?12h[?12l[22;2t[22;1t[27m[29m[m[H[2J[?25l[24;1H"psh2.c" 0L, 0B[2;1Hâ–½[6n[2;1H  [3;1HPzz\[0%m[6n[3;1H           [1;1H[>c]10;?]11;?[2;1H[94m~                                                                                      [3;1H~                                                                                      [4;1H~                                                                                      [5;1H~                                                                                      [6;1H~                                                                                      [7;1H~                                                                                      [8;1H~                                                                                      [9;1H~                                                                                      [10;1H~                                                                                      [11;1H~                                                                                      [12;1H~                                                                                      [13;1H~                                                                                      [14;1H~                                                                                      [15;1H~                                                                                      [16;1H~                                                                                      [17;1H~                                                                                      [18;1H~                                                                                      [19;1H~                                                                                      [20;1H~                                                                                      [21;1H~                                                                                      [22;1H~                                                                                      [23;1H~                                                                                      [1;1H[?25h[?4m[27m[29m[m[H[2J[?25l[2;1H[94m~                                                                                      [3;1H~                                                                                      [4;1H~                                                                                      [5;1H~                                                                                      [6;1H~                                                                                      [7;1H~                                                                                      [8;1H~                                                                                      [9;1H~                                                                                      [10;1H~                                                                                      [11;1H~                                                                                      [12;1H~                                                                                      [13;1H~                                                                                      [14;1H~                                                                                      [15;1H~                                                                                      [16;1H~                                                                                      [17;1H~                                                                                      [18;1H~                                                                                      [19;1H~                                                                                      [20;1H~                                                                                      [21;1H~                                                                                      [22;1H~                                                                                      [23;1H~                                                                                      [m[24;1H"psh2.c" 0L, 0B[1;1H[?25h[?25l[24;1H[1m-- INSERT --[m[24;14H[K[1;1H[?25h[?25l#include <stdio.h>
#include <signal.h>[2;20H[K[3;1H#include <string.h>[3;20H[K[4;1H#includ[4;8H[K[4;8H[?25h[?25le <stdlib.h>
#include <unistd.h>[5;20H[K[6;1H[K[7;1H#define MAXARGS 20   /* cmdline[7;32H[K[7;32H[?25h[?25l args */
#define ARGLEN  100  /* token length */[8;40H[K[9;1H[K[10;1Hint execute(cha[10;16H[K[10;16H[?25h[?25lr *arglist[]);[11;1H[K[12;1Hint main() {[12;13H[K[13;1H    char *arglist[MAXARGS + 1];  /*[13;36H[K[13;36H[?25h[?25l an array of ptrs */
    int numargs;                 /* index i[14;44H[K[14;44H[?25h[?25lnto array */
    char argbuf[ARGLEN];         /* read stuff her[15;51H[K[15;51H[?25h[?25le */
    char *makestring();          /* malloc etc */[16;50H[K[17;1H[K[18;1H    num[18;8H[K[18;8H[?25h[?25largs = 0;[19;1H[K[20;1H    while (numargs < MAXARGS) {[20;32H[K[21;1H        printf("Arg[[21;21H[K[21;21H[?25h[?25l%d]? ", numargs);[22;1H[K[23;1H        if (fgets(argbuf, ARGLEN, stdin) && [23;45H[K[23;45H[?25h[?25l*argbuf != '\n') {[23;45H[?25h[?25l[1;23r[23;1H
[1;24r[23;13Harglist[numargs++] = makestring(argbuf);[24;11H[1m(paste) --[23;7H[?25h[?25l[1;23r[m[1;1H[3M[1;24r[21;9H} else {[22;13Hif (numargs > 0) {[23;17Harglist[numargs] = NULL;   /* close list */[23;10H[?25h[?25l[1;23r[23;1H
[1;24r[23;17Hexecute(arglist);[10C/* do the task */[23;12H[?25h[?25l[1;23r[23;1H
[1;24r[23;17Hnumargs = 0;[15C/* and reset */ [?25h[?25l[1;23r[1;1H[2M[1;24r[22;13H}[23;9H}[22C[?25h[?25l[1;23r[1;1H[5M[1;24r[19;5H}
    return 0;
}

/* NOTE: use execvp to do it */[?25h[?25l[1;23r[1;1H[2M[1;24r[22;1Hint execute(char *arglist[]) {
    execvp(arglist[0], arglist);  /*[?25h[?25l do it */[23;8H[?25h[?25l[1;23r[1;1H[5M[1;24r[19;5Hperror("execvp failed");
    exit(1);
}

/* trim off newline and create storage for the string */[23;13H[?25h[?25l[1;23r[23;1H
[1;24r[23;1Hchar *makestring(char *buf) {[?25h[?25l[1;23r[1;1H[3M[1;24r[21;5Hchar *cp;[23;5Hbuf[strlen(buf) - 1] = '\0';   /* trim newline */[23;39H[?25h[?25l[1;23r[23;1H
[1;24r[23;5Hcp = malloc(sizeof(char) * (strlen(buf) + 1));[23;29H[?25h[?25l[1;23r[1;1H[2M[1;24r[22;5Hif (cp == NULL) {[23;9Hfprintf(stderr, "no memory\n");[23;29H[?25h[?25l[1;23r[1;1H[6M[1;24r[18;9Hexit(1);
    }
    strcpy(cp, buf);   /* copy chars */
    return cp;
}[24;11H[1m--a[m[24;13H[K[23;1H[?25h[24;1H[K[23;1H[?25l[?25h[?25l
:[?25hwq[?25l[?2004l[>4;m"psh2.c" 56L, 1427B written[23;2t[23;1t
[?1004l[?2004l[?1l>[?1049l[?25h[>4;m[1m[7m%[27m[1m[0m                                                                                       ]7;file://SoufiansMacBook.lan/Users/soufianeaboubakar/Documents/SWEN310/lab5-process-shell-soufianeaboubakar[0m[27m[24m[Jsoufianeaboubakar@SoufiansMacBook lab5-process-shell-soufianeaboubakar % [K[?2004hggcc m psh2
[Jpsh2.c        psh2_results[A[0m[27m[24m[73Cgcc psh2[K.c[1m [0m[0m -o  [Kppsh2[?2004l
[J[1m[7m%[27m[1m[0m                                                                                       ]7;file://SoufiansMacBook.lan/Users/soufianeaboubakar/Documents/SWEN310/lab5-process-shell-soufianeaboubakar[0m[27m[24m[Jsoufianeaboubakar@SoufiansMacBook lab5-process-shell-soufianeaboubakar % [K[?2004h../psh2[1m [0m[0m [?2004l
Arg[0]? 
Arg[0]? ls
Arg[1]? -l
Arg[2]? ?
Arg[3]? ^C
[1m[7m%[27m[1m[0m                                                                                       ]7;file://SoufiansMacBook.lan/Users/soufianeaboubakar/Documents/SWEN310/lab5-process-shell-soufianeaboubakar[0m[27m[24m[Jsoufianeaboubakar@SoufiansMacBook lab5-process-shell-soufianeaboubakar % [K[?2004h./psh2gcc psh2.c -o psh2[K[?2004l
[1m[7m%[27m[1m[0m                                                                                       ]7;file://SoufiansMacBook.lan/Users/soufianeaboubakar/Documents/SWEN310/lab5-process-shell-soufianeaboubakar[0m[27m[24m[Jsoufianeaboubakar@SoufiansMacBook lab5-process-shell-soufianeaboubakar % [K[?2004h../psh2[1m [0m[0m [?2004l
Arg[0]? ls
Arg[1]? tests
Arg[2]? 
test_content.py		test_execution.py	test_filename.py
[1m[7m%[27m[1m[0m                                                                                       ]7;file://SoufiansMacBook.lan/Users/soufianeaboubakar/Documents/SWEN310/lab5-process-shell-soufianeaboubakar[0m[27m[24m[Jsoufianeaboubakar@SoufiansMacBook lab5-process-shell-soufianeaboubakar % [K[?2004h./psh2gcc psh2.c -o psh2[K[?2004l
[1m[7m%[27m[1m[0m                                                                                       ]7;file://SoufiansMacBook.lan/Users/soufianeaboubakar/Documents/SWEN310/lab5-process-shell-soufianeaboubakar[0m[27m[24m[Jsoufianeaboubakar@SoufiansMacBook lab5-process-shell-soufianeaboubakar % [K[?2004hgcc psh2.c -o psh2[K[A[69C./psh2[K[1B[K[A[79C[?2004l[1BArg[0]? ls
Arg[1]? e te	st	_exc ecution.py
Arg[2]? 
ls: test_execution.py: No such file or directory
[1m[7m%[27m[1m[0m                                                                                       ]7;file://SoufiansMacBook.lan/Users/soufianeaboubakar/Documents/SWEN310/lab5-process-shell-soufianeaboubakar[0m[27m[24m[Jsoufianeaboubakar@SoufiansMacBook lab5-process-shell-soufianeaboubakar % [K[?2004h./psh2gcc psh2.c -o psh2[K[?2004l
[1m[7m%[27m[1m[0m                                                                                       ]7;file://SoufiansMacBook.lan/Users/soufianeaboubakar/Documents/SWEN310/lab5-process-shell-soufianeaboubakar[0m[27m[24m[Jsoufianeaboubakar@SoufiansMacBook lab5-process-shell-soufianeaboubakar % [K[?2004hgcc psh2.c -o psh2[K[A[69C./psh2[K[1B[K[A[79C[?2004l[1BArg[0]? ^C
[1m[7m%[27m[1m[0m                                                                                       ]7;file://SoufiansMacBook.lan/Users/soufianeaboubakar/Documents/SWEN310/lab5-process-shell-soufianeaboubakar[0m[27m[24m[Jsoufianeaboubakar@SoufiansMacBook lab5-process-shell-soufianeaboubakar % [K[?2004hppython3 test_c [K[Koontent.py[?2004l
/Library/Developer/CommandLineTools/usr/bin/python3: can't open file '/Users/soufianeaboubakar/Documents/SWEN310/lab5-process-shell-soufianeaboubakar/test_content.py': [Errno 2] No such file or directory
[1m[7m%[27m[1m[0m                                                                                       ]7;file://SoufiansMacBook.lan/Users/soufianeaboubakar/Documents/SWEN310/lab5-process-shell-soufianeaboubakar[0m[27m[24m[Jsoufianeaboubakar@SoufiansMacBook lab5-process-shell-soufianeaboubakar % [K[?2004hggcc psh2
[Jpsh2*         psh2.c        psh2_results[A[0m[27m[24m[73Cgcc psh2[K.c[1m [0m[0m -o  [Km[Kppsh2
[J[Jpsh2*         psh2.c        psh2_results[A[A[0m[27m[24m[73Cgcc psh2.c -o psh2[K[?2004l
[J[1m[7m%[27m[1m[0m                                                                                       ]7;file://SoufiansMacBook.lan/Users/soufianeaboubakar/Documents/SWEN310/lab5-process-shell-soufianeaboubakar[0m[27m[24m[Jsoufianeaboubakar@SoufiansMacBook lab5-process-shell-soufianeaboubakar % [K[?2004hppsh2[?2004l
zsh: command not found: psh2
[1m[7m%[27m[1m[0m                                                                                       ]7;file://SoufiansMacBook.lan/Users/soufianeaboubakar/Documents/SWEN310/lab5-process-shell-soufianeaboubakar[0m[27m[24m[Jsoufianeaboubakar@SoufiansMacBook lab5-process-shell-soufianeaboubakar % [K[?2004httest
[Jtest           test-yaml      test-yaml5.30[A[0m[27m[24m[73Ctest[K_ [?2004l
[J[1m[7m%[27m[1m[0m                                                                                       ]7;file://SoufiansMacBook.lan/Users/soufianeaboubakar/Documents/SWEN310/lab5-process-shell-soufianeaboubakar[0m[27m[24m[Jsoufianeaboubakar@SoufiansMacBook lab5-process-shell-soufianeaboubakar % [K[?2004htte
[Jtee            test-yaml      texi2dvi       texindex       
test           test-yaml5.30  texi2pdf       textutil       [A[A[0m[27m[24m[73Cte[Kt  ccd tests[1m/[0m[0m [?2004l
[J[1m[7m%[27m[1m[0m                                                                                       ]7;file://SoufiansMacBook.lan/Users/soufianeaboubakar/Documents/SWEN310/lab5-process-shell-soufianeaboubakar/tests[0m[27m[24m[Jsoufianeaboubakar@SoufiansMacBook tests % [K[?2004hccd . [1m [0m[0m test_
[Jtest_content.py    test_execution.py  test_filename.py[A[0m[27m[24m[42Ccd test_[K     lab
[J[A[48C   c  ccd ..[?2004l
[J[1m[7m%[27m[1m[0m                                                                                       ]7;file://SoufiansMacBook.lan/Users/soufianeaboubakar/Documents/SWEN310/lab5-process-shell-soufianeaboubakar[0m[27m[24m[Jsoufianeaboubakar@SoufiansMacBook lab5-process-shell-soufianeaboubakar % [K[?2004hccd c  ccd test[?2004l
cd: no such file or directory: test
[1m[7m%[27m[1m[0m                                                                                       ]7;file://SoufiansMacBook.lan/Users/soufianeaboubakar/Documents/SWEN310/lab5-process-shell-soufianeaboubakar[0m[27m[24m[Jsoufianeaboubakar@SoufiansMacBook lab5-process-shell-soufianeaboubakar % [K[?2004hccd tests[?2004l
[1m[7m%[27m[1m[0m                                                                                       ]7;file://SoufiansMacBook.lan/Users/soufianeaboubakar/Documents/SWEN310/lab5-process-shell-soufianeaboubakar/tests[0m[27m[24m[Jsoufianeaboubakar@SoufiansMacBook tests % [K[?2004hccd test_o p     p  p test_
[Jtest_content.py    test_execution.py  test_filename.py[A[0m[27m[24m[42Ccd test_[Kexecution.py[1m [0m[0m [?2004l
[Jcd: not a directory: test_execution.py
[1m[7m%[27m[1m[0m                                                                                       ]7;file://SoufiansMacBook.lan/Users/soufianeaboubakar/Documents/SWEN310/lab5-process-shell-soufianeaboubakar/tests[0m[27m[24m[Jsoufianeaboubakar@SoufiansMacBook tests % [K[?2004hccd ..[?2004l
[1m[7m%[27m[1m[0m                                                                                       ]7;file://SoufiansMacBook.lan/Users/soufianeaboubakar/Documents/SWEN310/lab5-process-shell-soufianeaboubakar[0m[27m[24m[Jsoufianeaboubakar@SoufiansMacBook lab5-process-shell-soufianeaboubakar % [K[?2004hlls -la[?2004l
total 1472
drwxr-xr-x@ 24 soufianeaboubakar  staff     768 Sep 26 23:03 .
drwxr-xr-x@ 15 soufianeaboubakar  staff     480 Sep 26 23:03 ..
-rw-r--r--@  1 soufianeaboubakar  staff    8196 Sep 26 23:04 .DS_Store
drwxr-xr-x@ 12 soufianeaboubakar  staff     384 Sep 26 09:12 .git
drwxr-xr-x@  3 soufianeaboubakar  staff      96 Sep 26 09:12 .github
-rw-r--r--   1 soufianeaboubakar  staff     430 Sep 26 09:12 .gitignore
-rw-r--r--   1 soufianeaboubakar  staff     540 Sep 26 09:12 Dockerfile
-rw-r--r--   1 soufianeaboubakar  staff   11357 Sep 26 09:12 LICENSE
-rw-r--r--@  1 soufianeaboubakar  staff  586830 Sep 26 09:12 Lab05_2025F.pdf
-rw-r--r--   1 soufianeaboubakar  staff     345 Sep 26 09:12 Makefile
-rw-r--r--   1 soufianeaboubakar  staff     392 Sep 26 09:12 README.md
drwxr-xr-x@  3 soufianeaboubakar  staff      96 Sep 26 09:12 answer
-rw-r--r--   1 soufianeaboubakar  staff     464 Sep 26 09:12 clean_all.sh
-rw-r--r--@  1 soufianeaboubakar  staff     855 Sep 26 09:12 clean_start.sh
drwxr-xr-x@  4 soufianeaboubakar  staff     128 Sep 26 09:12 demo
-rw-r--r--   1 soufianeaboubakar  staff     650 Sep 26 20:48 myfork.c
-rwxr-xr-x   1 soufianeaboubakar  staff     717 Sep 26 09:59 myps.sh
-rw-r--r--   1 soufianeaboubakar  staff    1426 Sep 26 20:49 psh1.c
-rwxr-xr-x   1 soufianeaboubakar  staff   50096 Sep 26 23:08 psh2
-rw-r--r--   1 soufianeaboubakar  staff    1427 Sep 26 23:03 psh2.c
-rw-r--r--   1 soufianeaboubakar  staff   17239 Sep 26 23:10 psh2_results
drwxr-xr-x@  5 soufianeaboubakar  staff     160 Sep 26 09:12 script_test
drwxr-xr-x@  5 soufianeaboubakar  staff     160 Sep 26 09:12 tests
-rw-r--r--   1 soufianeaboubakar  staff   21984 Sep 26 23:10 typescript
[1m[7m%[27m[1m[0m                                                                                       ]7;file://SoufiansMacBook.lan/Users/soufianeaboubakar/Documents/SWEN310/lab5-process-shell-soufianeaboubakar[0m[27m[24m[Jsoufianeaboubakar@SoufiansMacBook lab5-process-shell-soufianeaboubakar % [K[?2004hggcc -Wall -Wex [Kttra my  psh
[Jpsh1.c        psh2*         psh2.c        psh2_results[A[A[0m[27m[24m[73Cgcc -Wall -Wextra psh[K2
[J[Jpsh2*         psh2.c        psh2_results[A[A[0m[27m[24m[73Cgcc -Wall -Wextra psh2[K.c[1m [0m[0m -o m psh
[J[Jpsh1.c        psh2*         psh2.c        psh2_results[A[A[0m[27m[24m[73Cgcc -Wall -Wextra psh2.c -o psh[K2[?2004l
[J[1m[7m%[27m[1m[0m                                                                                       ]7;file://SoufiansMacBook.lan/Users/soufianeaboubakar/Documents/SWEN310/lab5-process-shell-soufianeaboubakar[0m[27m[24m[Jsoufianeaboubakar@SoufiansMacBook lab5-process-shell-soufianeaboubakar % [K[?2004hcchmod 755 pssh [K2[K[A[86C[K[1B[K[A[86C h2 [K[K
[Jpsh2*         psh2.c        psh2_results[A[A[0m[27m[24m[73Cchmod 755 psh2 [K[A[86C[K[1B[K[A[86C3 [K[A[86C[K[1B[K[A[86C 2 h2 [K[K[?2004l
[J[1m[7m%[27m[1m[0m                                                                                       ]7;file://SoufiansMacBook.lan/Users/soufianeaboubakar/Documents/SWEN310/lab5-process-shell-soufianeaboubakar[0m[27m[24m[Jsoufianeaboubakar@SoufiansMacBook lab5-process-shell-soufianeaboubakar % [K[?2004hoopn en p e tests[1m/[0m[0m _  py        o  ppython3 tes` ts[1m/[0m [K[A[86C[0m/test_
[Jtest_content.py    test_execution.py  test_filename.py[A[A[0m[27m[24m[73Cpython3 tests/test_[Kcontent.py[1m [0m[0m [?2004l
[JTraceback (most recent call last):
  File "/Users/soufianeaboubakar/Documents/SWEN310/lab5-process-shell-soufianeaboubakar/tests/test_content.py", line 1, in <module>
    import pytest
ModuleNotFoundError: No module named 'pytest'
[1m[7m%[27m[1m[0m                                                                                       ]7;file://SoufiansMacBook.lan/Users/soufianeaboubakar/Documents/SWEN310/lab5-process-shell-soufianeaboubakar[0m[27m[24m[Jsoufianeaboubakar@SoufiansMacBook lab5-process-shell-soufianeaboubakar % [K[?2004hccd 
[JDockerfile       README.md        demo/            psh2*            tests/
LICENSE          answer/          myfork.c         psh2.c           typescript
Lab05_2025F.pdf  clean_all.sh     myps.sh*         psh2_results     
Makefile         clean_start.sh   psh1.c           script_test/     [4A[0m[27m[24m[73Ccd[K[1Ctests[1m/[0m[0m [?2004l
[J[1m[7m%[27m[1m[0m                                                                                       ]7;file://SoufiansMacBook.lan/Users/soufianeaboubakar/Documents/SWEN310/lab5-process-shell-soufianeaboubakar/tests[0m[27m[24m[Jsoufianeaboubakar@SoufiansMacBook tests % [K[?2004hppython2 3 test_p content.py[1m [0m[0m [?2004l
Traceback (most recent call last):
  File "/Users/soufianeaboubakar/Documents/SWEN310/lab5-process-shell-soufianeaboubakar/tests/test_content.py", line 1, in <module>
    import pytest
ModuleNotFoundError: No module named 'pytest'
[1m[7m%[27m[1m[0m                                                                                       ]7;file://SoufiansMacBook.lan/Users/soufianeaboubakar/Documents/SWEN310/lab5-process-shell-soufianeaboubakar/tests[0m[27m[24m[Jsoufianeaboubakar@SoufiansMacBook tests % [K[?2004hccd ..[?2004l
[1m[7m%[27m[1m[0m                                                                                       ]7;file://SoufiansMacBook.lan/Users/soufianeaboubakar/Documents/SWEN310/lab5-process-shell-soufianeaboubakar[0m[27m[24m[Jsoufianeaboubakar@SoufiansMacBook lab5-process-shell-soufianeaboubakar % [K[?2004hoopen answer[1m/[0m[0m [?2004l
[1m[7m%[27m[1m[0m                                                                                       ]7;file://SoufiansMacBook.lan/Users/soufianeaboubakar/Documents/SWEN310/lab5-process-shell-soufianeaboubakar[0m[27m[24m[Jsoufianeaboubakar@SoufiansMacBook lab5-process-shell-soufianeaboubakar % [K[?2004hccd tests[1m/[0m[0m [?2004l
[1m[7m%[27m[1m[0m                                                                                       ]7;file://SoufiansMacBook.lan/Users/soufianeaboubakar/Documents/SWEN310/lab5-process-shell-soufianeaboubakar/tests[0m[27m[24m[Jsoufianeaboubakar@SoufiansMacBook tests % [K[?2004hppython3 test_
[Jtest_content.py    test_execution.py  test_filename.py[A[0m[27m[24m[42Cpython3 test_[Kcontent.py[1m [0m[0m [?2004l
[JTraceback (most recent call last):
  File "/Users/soufianeaboubakar/Documents/SWEN310/lab5-process-shell-soufianeaboubakar/tests/test_content.py", line 1, in <module>
    import pytest
ModuleNotFoundError: No module named 'pytest'
[1m[7m%[27m[1m[0m                                                                                       ]7;file://SoufiansMacBook.lan/Users/soufianeaboubakar/Documents/SWEN310/lab5-process-shell-soufianeaboubakar/tests[0m[27m[24m[Jsoufianeaboubakar@SoufiansMacBook tests % [K[?2004h[7mpython3 test_content.py && python3 test_execu[7mt[7mion.py && python3 test_filename.py[27m[K
[K[A[A[42C[27mp[27my[27mt[27mh[27mo[27mn[27m3[27m [27mt[27me[27ms[27mt[27m_[27mc[27mo[27mn[27mt[27me[27mn[27mt[27m.[27mp[27my[27m [27m&[27m&[27m [27mp[27my[27mt[27mh[27mo[27mn[27m3[27m [27mt[27me[27ms[27mt[27m_[27me[27mx[27me[27mc[27mut[27mi[27mo[27mn[27m.[27mp[27my[27m [27m&[27m&[27m [27mp[27my[27mt[27mh[27mo[27mn[27m3[27m [27mt[27me[27ms[27mt[27m_[27mf[27mi[27ml[27me[27mn[27ma[27mm[27me[27m.[27mp[27my[1B[K[?2004l
Traceback (most recent call last):
  File "/Users/soufianeaboubakar/Documents/SWEN310/lab5-process-shell-soufianeaboubakar/tests/test_content.py", line 1, in <module>
    import pytest
ModuleNotFoundError: No module named 'pytest'
[1m[7m%[27m[1m[0m                                                                                       ]7;file://SoufiansMacBook.lan/Users/soufianeaboubakar/Documents/SWEN310/lab5-process-shell-soufianeaboubakar/tests[0m[27m[24m[Jsoufianeaboubakar@SoufiansMacBook tests % [K[?2004hppip3 install -us -  -user pytest[?2004l
Collecting pytest
  Downloading pytest-8.4.2-py3-none-any.whl.metadata (7.7 kB)
Collecting exceptiongroup>=1 (from pytest)
  Downloading exceptiongroup-1.3.0-py3-none-any.whl.metadata (6.7 kB)
Collecting iniconfig>=1 (from pytest)
  Downloading iniconfig-2.1.0-py3-none-any.whl.metadata (2.7 kB)
Collecting packaging>=20 (from pytest)
  Downloading packaging-25.0-py3-none-any.whl.metadata (3.3 kB)
Collecting pluggy<2,>=1.5 (from pytest)
  Downloading pluggy-1.6.0-py3-none-any.whl.metadata (4.8 kB)
Collecting pygments>=2.7.2 (from pytest)
  Downloading pygments-2.19.2-py3-none-any.whl.metadata (2.5 kB)
Collecting tomli>=1 (from pytest)
  Downloading tomli-2.2.1-py3-none-any.whl.metadata (10 kB)
Requirement already satisfied: typing-extensions>=4.6.0 in /Users/soufianeaboubakar/Library/Python/3.9/lib/python/site-packages (from exceptiongroup>=1->pytest) (4.15.0)
Downloading pytest-8.4.2-py3-none-any.whl (365 kB)
Downloading pluggy-1.6.0-py3-none-any.whl (20 kB)
Downloading exceptiongroup-1.3.0-py3-none-any.whl (16 kB)
Downloading iniconfig-2.1.0-py3-none-any.whl (6.0 kB)
Downloading packaging-25.0-py3-none-any.whl (66 kB)
Downloading pygments-2.19.2-py3-none-any.whl (1.2 MB)
[?25l   [38;5;237mâ”â”â”â”â”â”â”â”â”â”â”â”â”â”â”â”â”â”â”â”â”â”â”â”â”â”â”â”â”â”â”â”â”â”â”â”â”â”â”â”[0m [32m0.0/1.2 MB[0m [31m?[0m eta [36m-:--:--[0m[2K   [38;5;70mâ”â”â”â”â”â”â”â”â”â”â”â”â”â”â”â”â”â”â”â”â”â”â”â”â”â”â”â”â”â”â”â”â”â”â”â”â”â”â”â”[0m [32m1.2/1.2 MB[0m [31m8.9 MB/s[0m  [33m0:00:00[0m
[?25hDownloading tomli-2.2.1-py3-none-any.whl (14 kB)
Installing collected packages: tomli, pygments, pluggy, packaging, iniconfig, exceptiongroup, pytest
[?25l[2K   [38;5;197mâ”â”â”â”â”[0m[38;5;197mâ•¸[0m[38;5;237mâ”â”â”â”â”â”â”â”â”â”â”â”â”â”â”â”â”â”â”â”â”â”â”â”â”â”â”â”â”â”â”â”â”â”[0m [32m1/7[0m [pygments][2K   [38;5;197mâ”â”â”â”â”[0m[38;5;197mâ•¸[0m[38;5;237mâ”â”â”â”â”â”â”â”â”â”â”â”â”â”â”â”â”â”â”â”â”â”â”â”â”â”â”â”â”â”â”â”â”â”[0m [32m1/7[0m [pygments][2K   [38;5;197mâ”â”â”â”â”[0m[38;5;197mâ•¸[0m[38;5;237mâ”â”â”â”â”â”â”â”â”â”â”â”â”â”â”â”â”â”â”â”â”â”â”â”â”â”â”â”â”â”â”â”â”â”[0m [32m1/7[0m [pygments][2K   [38;5;197mâ”â”â”â”â”[0m[38;5;197mâ•¸[0m[38;5;237mâ”â”â”â”â”â”â”â”â”â”â”â”â”â”â”â”â”â”â”â”â”â”â”â”â”â”â”â”â”â”â”â”â”â”[0m [32m1/7[0m [pygments][2K   [38;5;197mâ”â”â”â”â”[0m[38;5;197mâ•¸[0m[38;5;237mâ”â”â”â”â”â”â”â”â”â”â”â”â”â”â”â”â”â”â”â”â”â”â”â”â”â”â”â”â”â”â”â”â”â”[0m [32m1/7[0m [pygments][2K   [38;5;197mâ”â”â”â”â”[0m[38;5;197mâ•¸[0m[38;5;237mâ”â”â”â”â”â”â”â”â”â”â”â”â”â”â”â”â”â”â”â”â”â”â”â”â”â”â”â”â”â”â”â”â”â”[0m [32m1/7[0m [pygments][2K   [38;5;197mâ”â”â”â”â”[0m[38;5;197mâ•¸[0m[38;5;237mâ”â”â”â”â”â”â”â”â”â”â”â”â”â”â”â”â”â”â”â”â”â”â”â”â”â”â”â”â”â”â”â”â”â”[0m [32m1/7[0m [pygments][2K   [38;5;197mâ”â”â”â”â”[0m[38;5;197mâ•¸[0m[38;5;237mâ”â”â”â”â”â”â”â”â”â”â”â”â”â”â”â”â”â”â”â”â”â”â”â”â”â”â”â”â”â”â”â”â”â”[0m [32m1/7[0m [pygments][2K   [38;5;197mâ”â”â”â”â”[0m[38;5;197mâ•¸[0m[38;5;237mâ”â”â”â”â”â”â”â”â”â”â”â”â”â”â”â”â”â”â”â”â”â”â”â”â”â”â”â”â”â”â”â”â”â”[0m [32m1/7[0m [pygments][33m  WARNING: The script pygmentize is installed in '/Users/soufianeaboubakar/Library/Python/3.9/bin' which is not on PATH.
  Consider adding this directory to PATH or, if you prefer to suppress this warning, use --no-warn-script-location.[0m[33m
[0m[2K   [38;5;197mâ”â”â”â”â”â”â”â”â”â”â”â”â”â”â”â”â”[0m[38;5;237mâ•º[0m[38;5;237mâ”â”â”â”â”â”â”â”â”â”â”â”â”â”â”â”â”â”â”â”â”â”[0m [32m3/7[0m [packaging][2K   [38;5;197mâ”â”â”â”â”â”â”â”â”â”â”â”â”â”â”â”â”â”â”â”â”â”â”â”â”â”â”â”â”â”â”â”â”â”[0m[38;5;237mâ•º[0m[38;5;237mâ”â”â”â”â”[0m [32m6/7[0m [pytest][2K   [38;5;197mâ”â”â”â”â”â”â”â”â”â”â”â”â”â”â”â”â”â”â”â”â”â”â”â”â”â”â”â”â”â”â”â”â”â”[0m[38;5;237mâ•º[0m[38;5;237mâ”â”â”â”â”[0m [32m6/7[0m [pytest][2K   [38;5;197mâ”â”â”â”â”â”â”â”â”â”â”â”â”â”â”â”â”â”â”â”â”â”â”â”â”â”â”â”â”â”â”â”â”â”[0m[38;5;237mâ•º[0m[38;5;237mâ”â”â”â”â”[0m [32m6/7[0m [pytest][2K   [38;5;197mâ”â”â”â”â”â”â”â”â”â”â”â”â”â”â”â”â”â”â”â”â”â”â”â”â”â”â”â”â”â”â”â”â”â”[0m[38;5;237mâ•º[0m[38;5;237mâ”â”â”â”â”[0m [32m6/7[0m [pytest][33m  WARNING: The scripts py.test and pytest are installed in '/Users/soufianeaboubakar/Library/Python/3.9/bin' which is not on PATH.
  Consider adding this directory to PATH or, if you prefer to suppress this warning, use --no-warn-script-location.[0m[33m
[0m[2K   [38;5;70mâ”â”â”â”â”â”â”â”â”â”â”â”â”â”â”â”â”â”â”â”â”â”â”â”â”â”â”â”â”â”â”â”â”â”â”â”â”â”â”â”[0m [32m7/7[0m [pytest]
[?25h[1A[2KSuccessfully installed exceptiongroup-1.3.0 iniconfig-2.1.0 packaging-25.0 pluggy-1.6.0 pygments-2.19.2 pytest-8.4.2 tomli-2.2.1
[1m[7m%[27m[1m[0m                                                                                       ]7;file://SoufiansMacBook.lan/Users/soufianeaboubakar/Documents/SWEN310/lab5-process-shell-soufianeaboubakar/tests[0m[27m[24m[Jsoufianeaboubakar@SoufiansMacBook tests % [K[?2004hpptp pytest --version[?2004l
zsh: command not found: pytest
[1m[7m%[27m[1m[0m                                                                                       ]7;file://SoufiansMacBook.lan/Users/soufianeaboubakar/Documents/SWEN310/lab5-process-shell-soufianeaboubakar/tests[0m[27m[24m[Jsoufianeaboubakar@SoufiansMacBook tests % [K[?2004hppytest3 --version[?2004l
zsh: command not found: pytest3
[1m[7m%[27m[1m[0m                                                                                       ]7;file://SoufiansMacBook.lan/Users/soufianeaboubakar/Documents/SWEN310/lab5-process-shell-soufianeaboubakar/tests[0m[27m[24m[Jsoufianeaboubakar@SoufiansMacBook tests % [K[?2004h